<?xml version="1.0" encoding="UTF-8"?>
<!-- Generated by org.testng.reporters.JUnitXMLReporter -->
<testsuite hostname="HDC2-L-2CF7QQ2" ignored="2" name="Default test" tests="1" failures="0" timestamp="03 Dec 2019 09:56:02 GMT" time="19.767" errors="0">
  <testcase name="OpenApp" time="9.093" classname="packTestng.DemoTestngDec19"/>
  <testcase name="Logout" time="0.0" classname="packTestng.DemoTestngDec19">
    <ignored/>
  </testcase> <!-- Logout -->
  <testcase name="Login" time="0.0" classname="packTestng.DemoTestngDec19">
    <ignored/>
  </testcase> <!-- Login -->
</testsuite> <!-- Default test -->
