<?xml version="1.0" encoding="UTF-8"?>
<!-- Generated by org.testng.reporters.JUnitXMLReporter -->
<testsuite hostname="HDC2-L-2CF7QQ2" ignored="0" name="chromeTCs" tests="4" failures="0" timestamp="02 Dec 2019 11:29:41 GMT" time="24.207" errors="0">
  <testcase name="test4" time="0.005" classname="packTestng.DemoTestNG2Dec19"/>
  <testcase name="OpenApp" time="12.187" classname="packTestng.DemoTestngDec19"/>
  <testcase name="Login" time="0.001" classname="packTestng.DemoTestngDec19"/>
  <testcase name="Logout" time="0.001" classname="packTestng.DemoTestngDec19"/>
</testsuite> <!-- chromeTCs -->
