<?xml version="1.0" encoding="UTF-8"?>
<testng-results skipped="0" failed="0" ignored="2" total="3" passed="1">
  <reporter-output>
  </reporter-output>
  <suite name="Default suite" duration-ms="19767" started-at="2019-12-03T09:55:42Z" finished-at="2019-12-03T09:56:02Z">
    <groups>
    </groups>
    <test name="Default test" duration-ms="19767" started-at="2019-12-03T09:55:42Z" finished-at="2019-12-03T09:56:02Z">
      <class name="packTestng.DemoTestngDec19">
        <test-method status="PASS" signature="beforeTest()[pri:0, instance:packTestng.DemoTestngDec19@59fa1d9b]" name="beforeTest" is-config="true" duration-ms="10620" started-at="2019-12-03T09:55:42Z" finished-at="2019-12-03T09:55:53Z">
          <reporter-output>
          </reporter-output>
        </test-method> <!-- beforeTest -->
        <test-method status="PASS" signature="beforeClass()[pri:0, instance:packTestng.DemoTestngDec19@59fa1d9b]" name="beforeClass" is-config="true" duration-ms="1" started-at="2019-12-03T09:55:53Z" finished-at="2019-12-03T09:55:53Z">
          <reporter-output>
          </reporter-output>
        </test-method> <!-- beforeClass -->
        <test-method status="PASS" signature="beforeMethod()[pri:0, instance:packTestng.DemoTestngDec19@59fa1d9b]" name="beforeMethod" is-config="true" duration-ms="1" started-at="2019-12-03T09:55:53Z" finished-at="2019-12-03T09:55:53Z">
          <reporter-output>
          </reporter-output>
        </test-method> <!-- beforeMethod -->
        <test-method status="PASS" signature="OpenApp()[pri:1, instance:packTestng.DemoTestngDec19@59fa1d9b]" name="OpenApp" duration-ms="9093" started-at="2019-12-03T09:55:53Z" finished-at="2019-12-03T09:56:02Z">
          <reporter-output>
          </reporter-output>
        </test-method> <!-- OpenApp -->
        <test-method status="PASS" signature="afterMethod()[pri:0, instance:packTestng.DemoTestngDec19@59fa1d9b]" name="afterMethod" is-config="true" duration-ms="1" started-at="2019-12-03T09:56:02Z" finished-at="2019-12-03T09:56:02Z">
          <reporter-output>
          </reporter-output>
        </test-method> <!-- afterMethod -->
        <test-method status="PASS" signature="afterclass()[pri:0, instance:packTestng.DemoTestngDec19@59fa1d9b]" name="afterclass" is-config="true" duration-ms="0" started-at="2019-12-03T09:56:02Z" finished-at="2019-12-03T09:56:02Z">
          <reporter-output>
          </reporter-output>
        </test-method> <!-- afterclass -->
        <test-method status="PASS" signature="afterTest()[pri:0, instance:packTestng.DemoTestngDec19@59fa1d9b]" name="afterTest" is-config="true" duration-ms="1" started-at="2019-12-03T09:56:02Z" finished-at="2019-12-03T09:56:02Z">
          <reporter-output>
          </reporter-output>
        </test-method> <!-- afterTest -->
      </class> <!-- packTestng.DemoTestngDec19 -->
    </test> <!-- Default test -->
  </suite> <!-- Default suite -->
</testng-results>
